TN:
SF:src/SolverClass.ts
FN:17,(anonymous_0)
FN:24,(anonymous_1)
FN:28,(anonymous_2)
FN:35,(anonymous_3)
FNF:4
FNH:4
FNDA:7,(anonymous_0)
FNDA:1,(anonymous_1)
FNDA:7,(anonymous_2)
FNDA:7,(anonymous_3)
DA:12,1
DA:17,7
DA:25,1
DA:29,7
DA:36,7
LF:5
LH:5
BRF:0
BRH:0
end_of_record
TN:
SF:src/bubbleSort.ts
FN:14,(anonymous_0)
FNF:1
FNH:1
FNDA:4,(anonymous_0)
DA:11,1
DA:16,4
DA:18,4
DA:20,33
DA:22,276
DA:24,94
DA:26,94
DA:28,94
DA:33,4
LF:9
LH:9
BRDA:22,0,0,94
BRDA:22,0,1,182
BRF:2
BRH:2
end_of_record
TN:
SF:src/mergeSort.ts
FN:21,(anonymous_0)
FN:43,(anonymous_1)
FNF:2
FNH:2
FNDA:43,(anonymous_0)
FNDA:20,(anonymous_1)
DA:14,1
DA:25,43
DA:26,23
DA:29,20
DA:30,20
DA:31,20
DA:33,20
DA:44,20
DA:45,20
DA:46,20
DA:48,20
DA:49,73
DA:50,73
DA:52,73
DA:53,19
DA:54,19
DA:56,54
DA:57,16
DA:58,16
DA:60,38
DA:61,16
DA:62,16
DA:65,22
DA:66,22
DA:69,20
LF:25
LH:25
BRDA:25,0,0,23
BRDA:25,0,1,20
BRDA:52,1,0,19
BRDA:52,1,1,54
BRDA:56,2,0,16
BRDA:56,2,1,38
BRDA:60,3,0,16
BRDA:60,3,1,22
BRF:8
BRH:8
end_of_record
